C51 COMPILER V9.56.0.0   Z_DELAY                                                           09/19/2018 15:12:20 PAGE 1   


C51 COMPILER V9.56.0.0, COMPILATION OF MODULE Z_DELAY
OBJECT MODULE PLACED IN .\obj\z_delay.obj
COMPILER INVOKED BY: d:\Keil_v5\C51\BIN\C51.EXE src\z_delay.c LARGE OPTIMIZE(8,SPEED) BROWSE ORDER INCDIR(.\src) DEBUG O
                    -BJECTEXTEND PRINT(.\lst\z_delay.lst) TABS(2) OBJECT(.\obj\z_delay.obj)

line level    source

   1          #include "z_delay.h"
   2          
   3          void delay(unsigned int t) {
   4   1        
   5   1        while(t--);
   6   1        
   7   1      }
   8          
   9          void udelay(unsigned int t) {
  10   1        unsigned char i;
  11   1        while(t--) {
  12   2          i = 3;
  13   2          while (--i);
  14   2        }
  15   1      }
  16          
  17          void mdelay(unsigned int t) {
  18   1        unsigned int i, j;
  19   1        for(i=0;i<t;i++) {
  20   2          for(j=0;j<1000;j++);
  21   2        }
  22   1      }


MODULE INFORMATION:   STATIC OVERLAYABLE
   CODE SIZE        =     62    ----
   CONSTANT SIZE    =   ----    ----
   XDATA SIZE       =   ----    ----
   PDATA SIZE       =   ----    ----
   DATA SIZE        =   ----    ----
   IDATA SIZE       =   ----    ----
   BIT SIZE         =   ----    ----
END OF MODULE INFORMATION.


C51 COMPILATION COMPLETE.  0 WARNING(S),  0 ERROR(S)
