C51 COMPILER V9.01   TIMER                                                                 07/21/2018 10:35:44 PAGE 1   


C51 COMPILER V9.01, COMPILATION OF MODULE TIMER
OBJECT MODULE PLACED IN .\obj\timer.obj
COMPILER INVOKED BY: D:\Keil\C51\BIN\C51.EXE src\timer.c LARGE BROWSE ORDER INCDIR(.\src) DEBUG OBJECTEXTEND PRINT(.\lst
                    -\timer.lst) OBJECT(.\obj\timer.obj)

line level    source

   1          #include <stdio.h>
   2          #include "timer.h"
   3          #include "global.h"
   4          #include "io.h"
   5          
   6          #define FOSC 22118400L  
   7          #define T1MS (65536-FOSC/1000)      //1T模式
   8          static u32 systick_ms = 0;
   9          
  10          //1000微秒@22.1184MHz 自动重装模式
  11          void timer0_init(void) {
  12   1              AUXR |= 0x80;           //定时器时钟1T模式
  13   1              TMOD &= 0xF0;           //设置定时器模式
  14   1              TL0 = 0x9A;                     //设置定时初值
  15   1              TH0 = 0xA9;                     //设置定时初值
  16   1              TF0 = 0;                        //清除TF0标志
  17   1              TR0 = 1;                        //定时器0开始计时
  18   1              ET0 = 1;                        //定时器0开始计时
  19   1              EA      = 1;                    //总开关
  20   1      }
  21          
  22          void timer1_init(void) {
  23   1              AUXR |= 0x40;           //定时器时钟1T模式
  24   1              TMOD &= 0x0F;           //设置定时器模式
  25   1              TMOD |= 0x10;           //设置定时器模式
  26   1              TL1 = 0x00;                     //设置定时初值
  27   1              TH1 = 0x28;                     //设置定时初值
  28   1              TF1 = 0;                        //清除TF1标志
  29   1              TR1 = 1;                        //定时器1开始计时
  30   1              ET1 = 1;                        //定时器0开始计时
  31   1              EA      = 1;                    //总开关
  32   1      }
  33          
  34          /*
  35          void timer0_reset(int t_us) {
  36                  TL0 = (int)(65536-22.1184*t_us);
  37                  TH0 = (int)(65536-22.1184*t_us) >> 8;
  38          }
  39          */
  40          
  41          void timer1_reset(int t_us) {
  42   1              //本来应该x22.1184 但由于单片机用的内部晶振，有一定误差，调整到下面这个值 
             -频率差不多50HZ
  43   1              TL1 = (int)(65536-20.4184*t_us);
  44   1              TH1 = (int)(65536-20.4184*t_us) >> 8;
  45   1      }
  46          
  47          u32 millis(void) {
  48   1              return systick_ms;
  49   1      }
  50          
  51          void T0_IRQ(void) interrupt 1 {
  52   1              //timer0_reset(1000);
  53   1              systick_ms ++;
C51 COMPILER V9.01   TIMER                                                                 07/21/2018 10:35:44 PAGE 2   

  54   1      }
  55          
  56          
  57          //舵机定时中断处理
  58          void T1_IRQ(void) interrupt 3 {
  59   1      
  60   1              static volatile u8 flag = 0;
  61   1              int temp;
  62   1      
  63   1              if(duoji_index1 >= 8) {
  64   2                      duoji_index1 = 0;
  65   2              }
  66   1              
  67   1              if(!flag) {
  68   2                      timer1_reset((unsigned int)(duoji_doing[duoji_index1].cur));
  69   2                      dj_io_set(duoji_index1, 1);
  70   2                      timer1_flag_dj = 1;
  71   2                      //duoji_inc_handle(duoji_index1);
  72   2              } else {
  73   2                      temp = 2500 - (unsigned int)(duoji_doing[duoji_index1].cur);
  74   2                      if(temp < 20)temp = 20;
  75   2                      timer1_reset(temp);
  76   2                      dj_io_set(duoji_index1, 0);
  77   2                      duoji_index1 ++;
  78   2              }
  79   1              flag = !flag;
  80   1              
  81   1      }


MODULE INFORMATION:   STATIC OVERLAYABLE
   CODE SIZE        =    405    ----
   CONSTANT SIZE    =   ----    ----
   XDATA SIZE       =      5       2
   PDATA SIZE       =   ----    ----
   DATA SIZE        =   ----    ----
   IDATA SIZE       =   ----    ----
   BIT SIZE         =   ----    ----
END OF MODULE INFORMATION.


C51 COMPILATION COMPLETE.  0 WARNING(S),  0 ERROR(S)
