C51 COMPILER V9.56.0.0   Z_GLOBAL                                                          09/19/2018 15:12:20 PAGE 1   


C51 COMPILER V9.56.0.0, COMPILATION OF MODULE Z_GLOBAL
OBJECT MODULE PLACED IN .\obj\z_global.obj
COMPILER INVOKED BY: d:\Keil_v5\C51\BIN\C51.EXE src\z_global.c LARGE OPTIMIZE(8,SPEED) BROWSE ORDER INCDIR(.\src) DEBUG 
                    -OBJECTEXTEND PRINT(.\lst\z_global.lst) TABS(2) OBJECT(.\obj\z_global.obj)

line level    source

   1          #include "z_global.h"
   2          
   3          duoji_doing_t duoji_doing[DJ_NUM];
   4          u8 uart_receive_buf[UART_BUF_SIZE+4], uart1_get_ok, uart1_mode, uart_receive_buf_index;
   5          u8 cmd_return[CMD_BUF_SIZE];
   6          eeprom_info_t eeprom_info;
   7          u8 timer1_flag_dj = 0;
   8          u8 duoji_index1 = 0;
   9          u8 smart_mode = 255;
  10          u8 group_do_ok = 1;
  11          u16 csb_cnt = 0;
  12          
  13          
  14          
  15          
  16          void global_init(void) {
  17   1      
  18   1        u8 i;
  19   1        for(i=0;i<DJ_NUM;i++) {
  20   2          duoji_doing[i].aim = 1501;
  21   2          duoji_doing[i].cur = 1501;
  22   2          duoji_doing[i].inc = 0;   
  23   2        }
  24   1        
  25   1        uart1_get_ok = 0;
  26   1        uart1_mode = 0;
  27   1        uart_receive_buf_index = 0;
  28   1        //uart_get_timeout = 0;
  29   1      }
  30          
  31          u16 str_contain_str(u8 *str, u8 *str2) {
  32   1        u8 *str_temp, *str_temp2;
  33   1        str_temp = str;
  34   1        str_temp2 = str2;
  35   1        while(*str_temp) {
  36   2          if(*str_temp == *str_temp2) {
  37   3            while(*str_temp2) {
  38   4              if(*str_temp++ != *str_temp2++) {
  39   5                str_temp = str_temp - (str_temp2-str2) + 1;
  40   5                str_temp2 = str2;
  41   5                break;
  42   5              } 
  43   4            }
  44   3            if(!*str_temp2) {
  45   4              return (str_temp-str);
  46   4            }
  47   3            
  48   3          } else {
  49   3            str_temp++;
  50   3          }
  51   2        }
  52   1        return 0;
  53   1      }
  54          
C51 COMPILER V9.56.0.0   Z_GLOBAL                                                          09/19/2018 15:12:20 PAGE 2   

  55          void selection_sort(int *a, int len) {
  56   1          int i,j,mi,t;
  57   1          for(i=0;i<len-1;i++) {
  58   2              mi = i;
  59   2              for(j=i+1;j<len;j++) {
  60   3                  if(a[mi] > a[j]) {
  61   4                      mi = j;    
  62   4                  }    
  63   3              }    
  64   2          
  65   2              if(mi != i) {
  66   3                  t = a[mi];
  67   3                  a[mi] = a[i];
  68   3                  a[i] = t;    
  69   3              }
  70   2          }
  71   1      }
  72          
  73          //int型 取绝对值函数
  74          int abs_int(int int1) {
  75   1        if(int1 > 0)return int1;
  76   1        return (-int1);
  77   1      }


MODULE INFORMATION:   STATIC OVERLAYABLE
   CODE SIZE        =    700    ----
   CONSTANT SIZE    =   ----    ----
   XDATA SIZE       =    929      22
   PDATA SIZE       =   ----    ----
   DATA SIZE        =   ----    ----
   IDATA SIZE       =   ----    ----
   BIT SIZE         =   ----    ----
END OF MODULE INFORMATION.


C51 COMPILATION COMPLETE.  0 WARNING(S),  0 ERROR(S)
